{"C:\\Users\\elois\\Desktop\\Eloísa\\Future4\\1_Aulas\\Eloisa-Castro\\semana12\\planner\\src\\index.js": {"path":"C:\\Users\\elois\\Desktop\\Eloísa\\Future4\\1_Aulas\\Eloisa-Castro\\semana12\\planner\\src\\index.js","statementMap":{"0":{"start":{"line":5,"column":20},"end":{"line":5,"column":51}},"1":{"start":{"line":6,"column":0},"end":{"line":6,"column":38}}},"fnMap":{},"branchMap":{},"s":{"0":0,"1":0},"f":{},"b":{},"hash":"e92dbcf0d95ff045d3071ade28860b511d6b558c"}
,"C:\\Users\\elois\\Desktop\\Eloísa\\Future4\\1_Aulas\\Eloisa-Castro\\semana12\\planner\\src\\actions\\tasks.js": {"path":"C:\\Users\\elois\\Desktop\\Eloísa\\Future4\\1_Aulas\\Eloisa-Castro\\semana12\\planner\\src\\actions\\tasks.js","statementMap":{"0":{"start":{"line":3,"column":16},"end":{"line":3,"column":100}},"1":{"start":{"line":5,"column":27},"end":{"line":10,"column":2}},"2":{"start":{"line":5,"column":42},"end":{"line":10,"column":1}},"3":{"start":{"line":12,"column":27},"end":{"line":15,"column":1}},"4":{"start":{"line":12,"column":33},"end":{"line":15,"column":1}},"5":{"start":{"line":13,"column":19},"end":{"line":13,"column":43}},"6":{"start":{"line":14,"column":2},"end":{"line":14,"column":38}},"7":{"start":{"line":17,"column":24},"end":{"line":24,"column":1}},"8":{"start":{"line":17,"column":41},"end":{"line":24,"column":1}},"9":{"start":{"line":18,"column":2},"end":{"line":23,"column":3}},"10":{"start":{"line":19,"column":4},"end":{"line":19,"column":42}},"11":{"start":{"line":20,"column":4},"end":{"line":20,"column":27}},"12":{"start":{"line":22,"column":4},"end":{"line":22,"column":46}}},"fnMap":{"0":{"name":"(anonymous_0)","decl":{"start":{"line":5,"column":27},"end":{"line":5,"column":28}},"loc":{"start":{"line":5,"column":42},"end":{"line":10,"column":1}},"line":5},"1":{"name":"(anonymous_1)","decl":{"start":{"line":12,"column":27},"end":{"line":12,"column":28}},"loc":{"start":{"line":12,"column":33},"end":{"line":15,"column":1}},"line":12},"2":{"name":"(anonymous_2)","decl":{"start":{"line":12,"column":33},"end":{"line":12,"column":34}},"loc":{"start":{"line":12,"column":53},"end":{"line":15,"column":1}},"line":12},"3":{"name":"(anonymous_3)","decl":{"start":{"line":17,"column":24},"end":{"line":17,"column":25}},"loc":{"start":{"line":17,"column":41},"end":{"line":24,"column":1}},"line":17},"4":{"name":"(anonymous_4)","decl":{"start":{"line":17,"column":41},"end":{"line":17,"column":42}},"loc":{"start":{"line":17,"column":61},"end":{"line":24,"column":1}},"line":17}},"branchMap":{},"s":{"0":5,"1":5,"2":4,"3":5,"4":2,"5":1,"6":1,"7":5,"8":1,"9":1,"10":1,"11":1,"12":0},"f":{"0":4,"1":2,"2":1,"3":1,"4":1},"b":{},"_coverageSchema":"43e27e138ebf9cfc5966b082cf9a028302ed4184","hash":"3c6757da7d5e02fa2b07f79ce3af4a61c18dc4f2"}
,"C:\\Users\\elois\\Desktop\\Eloísa\\Future4\\1_Aulas\\Eloisa-Castro\\semana12\\planner\\src\\containers\\App\\index.js": {"path":"C:\\Users\\elois\\Desktop\\Eloísa\\Future4\\1_Aulas\\Eloisa-Castro\\semana12\\planner\\src\\containers\\App\\index.js","statementMap":{"0":{"start":{"line":10,"column":20},"end":{"line":15,"column":1}},"1":{"start":{"line":14,"column":11},"end":{"line":14,"column":12}},"2":{"start":{"line":17,"column":14},"end":{"line":17,"column":63}},"3":{"start":{"line":19,"column":19},"end":{"line":26,"column":1}},"4":{"start":{"line":20,"column":2},"end":{"line":25,"column":13}}},"fnMap":{"0":{"name":"(anonymous_0)","decl":{"start":{"line":14,"column":6},"end":{"line":14,"column":7}},"loc":{"start":{"line":14,"column":11},"end":{"line":14,"column":12}},"line":14},"1":{"name":"(anonymous_1)","decl":{"start":{"line":19,"column":19},"end":{"line":19,"column":20}},"loc":{"start":{"line":20,"column":2},"end":{"line":25,"column":13}},"line":20}},"branchMap":{"0":{"loc":{"start":{"line":12,"column":2},"end":{"line":14,"column":12}},"type":"cond-expr","locations":[{"start":{"line":13,"column":6},"end":{"line":13,"column":43}},{"start":{"line":14,"column":6},"end":{"line":14,"column":12}}],"line":12}},"s":{"0":0,"1":0,"2":0,"3":0,"4":0},"f":{"0":0,"1":0},"b":{"0":[0,0]},"hash":"f818d6c885f7bcf93054b9696c1beedbf11b8042"}
,"C:\\Users\\elois\\Desktop\\Eloísa\\Future4\\1_Aulas\\Eloisa-Castro\\semana12\\planner\\src\\containers\\DayPlanner\\index.js": {"path":"C:\\Users\\elois\\Desktop\\Eloísa\\Future4\\1_Aulas\\Eloisa-Castro\\semana12\\planner\\src\\containers\\DayPlanner\\index.js","statementMap":{"0":{"start":{"line":8,"column":28},"end":{"line":11,"column":1}},"1":{"start":{"line":13,"column":23},"end":{"line":16,"column":1}},"2":{"start":{"line":18,"column":38},"end":{"line":20,"column":1}},"3":{"start":{"line":24,"column":4},"end":{"line":24,"column":16}},"4":{"start":{"line":25,"column":4},"end":{"line":27,"column":5}},"5":{"start":{"line":30,"column":22},"end":{"line":32,"column":3}},"6":{"start":{"line":31,"column":4},"end":{"line":31,"column":25}},"7":{"start":{"line":36,"column":4},"end":{"line":81,"column":5}},"8":{"start":{"line":38,"column":8},"end":{"line":40,"column":10}},"9":{"start":{"line":39,"column":10},"end":{"line":39,"column":33}},"10":{"start":{"line":41,"column":8},"end":{"line":41,"column":14}},"11":{"start":{"line":44,"column":8},"end":{"line":46,"column":10}},"12":{"start":{"line":45,"column":10},"end":{"line":45,"column":33}},"13":{"start":{"line":47,"column":8},"end":{"line":47,"column":14}},"14":{"start":{"line":50,"column":8},"end":{"line":52,"column":10}},"15":{"start":{"line":51,"column":10},"end":{"line":51,"column":33}},"16":{"start":{"line":53,"column":8},"end":{"line":53,"column":14}},"17":{"start":{"line":56,"column":8},"end":{"line":58,"column":10}},"18":{"start":{"line":57,"column":10},"end":{"line":57,"column":33}},"19":{"start":{"line":59,"column":8},"end":{"line":59,"column":14}},"20":{"start":{"line":62,"column":8},"end":{"line":64,"column":10}},"21":{"start":{"line":63,"column":10},"end":{"line":63,"column":33}},"22":{"start":{"line":65,"column":8},"end":{"line":65,"column":14}},"23":{"start":{"line":68,"column":8},"end":{"line":70,"column":10}},"24":{"start":{"line":69,"column":10},"end":{"line":69,"column":33}},"25":{"start":{"line":71,"column":8},"end":{"line":71,"column":14}},"26":{"start":{"line":74,"column":8},"end":{"line":76,"column":10}},"27":{"start":{"line":75,"column":10},"end":{"line":75,"column":33}},"28":{"start":{"line":77,"column":8},"end":{"line":77,"column":14}},"29":{"start":{"line":80,"column":8},"end":{"line":80,"column":14}},"30":{"start":{"line":83,"column":4},"end":{"line":118,"column":5}},"31":{"start":{"line":87,"column":10},"end":{"line":96,"column":12}},"32":{"start":{"line":123,"column":2},"end":{"line":125,"column":3}},"33":{"start":{"line":129,"column":2},"end":{"line":131,"column":3}},"34":{"start":{"line":130,"column":20},"end":{"line":130,"column":43}}},"fnMap":{"0":{"name":"(anonymous_0)","decl":{"start":{"line":23,"column":2},"end":{"line":23,"column":3}},"loc":{"start":{"line":23,"column":21},"end":{"line":28,"column":3}},"line":23},"1":{"name":"(anonymous_1)","decl":{"start":{"line":30,"column":22},"end":{"line":30,"column":23}},"loc":{"start":{"line":30,"column":28},"end":{"line":32,"column":3}},"line":30},"2":{"name":"(anonymous_2)","decl":{"start":{"line":34,"column":2},"end":{"line":34,"column":3}},"loc":{"start":{"line":34,"column":11},"end":{"line":119,"column":3}},"line":34},"3":{"name":"(anonymous_3)","decl":{"start":{"line":38,"column":51},"end":{"line":38,"column":52}},"loc":{"start":{"line":38,"column":59},"end":{"line":40,"column":9}},"line":38},"4":{"name":"(anonymous_4)","decl":{"start":{"line":44,"column":51},"end":{"line":44,"column":52}},"loc":{"start":{"line":44,"column":59},"end":{"line":46,"column":9}},"line":44},"5":{"name":"(anonymous_5)","decl":{"start":{"line":50,"column":51},"end":{"line":50,"column":52}},"loc":{"start":{"line":50,"column":59},"end":{"line":52,"column":9}},"line":50},"6":{"name":"(anonymous_6)","decl":{"start":{"line":56,"column":51},"end":{"line":56,"column":52}},"loc":{"start":{"line":56,"column":59},"end":{"line":58,"column":9}},"line":56},"7":{"name":"(anonymous_7)","decl":{"start":{"line":62,"column":51},"end":{"line":62,"column":52}},"loc":{"start":{"line":62,"column":59},"end":{"line":64,"column":9}},"line":62},"8":{"name":"(anonymous_8)","decl":{"start":{"line":68,"column":51},"end":{"line":68,"column":52}},"loc":{"start":{"line":68,"column":59},"end":{"line":70,"column":9}},"line":68},"9":{"name":"(anonymous_9)","decl":{"start":{"line":74,"column":51},"end":{"line":74,"column":52}},"loc":{"start":{"line":74,"column":59},"end":{"line":76,"column":9}},"line":74},"10":{"name":"(anonymous_10)","decl":{"start":{"line":86,"column":56},"end":{"line":86,"column":57}},"loc":{"start":{"line":87,"column":10},"end":{"line":96,"column":12}},"line":87},"11":{"name":"mapStateToProps","decl":{"start":{"line":122,"column":9},"end":{"line":122,"column":24}},"loc":{"start":{"line":122,"column":32},"end":{"line":126,"column":1}},"line":122},"12":{"name":"mapDispatchToProps","decl":{"start":{"line":128,"column":9},"end":{"line":128,"column":27}},"loc":{"start":{"line":128,"column":38},"end":{"line":132,"column":1}},"line":128},"13":{"name":"(anonymous_13)","decl":{"start":{"line":130,"column":14},"end":{"line":130,"column":15}},"loc":{"start":{"line":130,"column":20},"end":{"line":130,"column":43}},"line":130}},"branchMap":{"0":{"loc":{"start":{"line":36,"column":4},"end":{"line":81,"column":5}},"type":"switch","locations":[{"start":{"line":37,"column":6},"end":{"line":41,"column":14}},{"start":{"line":43,"column":6},"end":{"line":47,"column":14}},{"start":{"line":49,"column":6},"end":{"line":53,"column":14}},{"start":{"line":55,"column":6},"end":{"line":59,"column":14}},{"start":{"line":61,"column":6},"end":{"line":65,"column":14}},{"start":{"line":67,"column":6},"end":{"line":71,"column":14}},{"start":{"line":73,"column":6},"end":{"line":77,"column":14}},{"start":{"line":79,"column":6},"end":{"line":80,"column":14}}],"line":36},"1":{"loc":{"start":{"line":86,"column":10},"end":{"line":97,"column":10}},"type":"binary-expr","locations":[{"start":{"line":86,"column":10},"end":{"line":86,"column":35}},{"start":{"line":86,"column":39},"end":{"line":97,"column":10}}],"line":86}},"s":{"0":2,"1":2,"2":2,"3":2,"4":2,"5":2,"6":1,"7":2,"8":1,"9":0,"10":0,"11":0,"12":0,"13":0,"14":0,"15":0,"16":0,"17":0,"18":0,"19":0,"20":0,"21":0,"22":0,"23":0,"24":0,"25":0,"26":0,"27":0,"28":0,"29":1,"30":1,"31":0,"32":0,"33":0,"34":0},"f":{"0":2,"1":1,"2":2,"3":0,"4":0,"5":0,"6":0,"7":0,"8":0,"9":0,"10":0,"11":0,"12":0,"13":0},"b":{"0":[1,0,0,0,0,0,0,1],"1":[1,0]},"_coverageSchema":"43e27e138ebf9cfc5966b082cf9a028302ed4184","hash":"88453506a4f259889a50c11aacf6a15ec26b743b"}
,"C:\\Users\\elois\\Desktop\\Eloísa\\Future4\\1_Aulas\\Eloisa-Castro\\semana12\\planner\\src\\containers\\Planner\\index.js": {"path":"C:\\Users\\elois\\Desktop\\Eloísa\\Future4\\1_Aulas\\Eloisa-Castro\\semana12\\planner\\src\\containers\\Planner\\index.js","statementMap":{"0":{"start":{"line":7,"column":25},"end":{"line":10,"column":1}},"1":{"start":{"line":14,"column":4},"end":{"line":19,"column":5}}},"fnMap":{"0":{"name":"(anonymous_0)","decl":{"start":{"line":13,"column":2},"end":{"line":13,"column":3}},"loc":{"start":{"line":13,"column":11},"end":{"line":20,"column":3}},"line":13}},"branchMap":{},"s":{"0":1,"1":1},"f":{"0":1},"b":{},"_coverageSchema":"43e27e138ebf9cfc5966b082cf9a028302ed4184","hash":"7c23e6bf16ede06df51b622107ee6a122177a07b"}
,"C:\\Users\\elois\\Desktop\\Eloísa\\Future4\\1_Aulas\\Eloisa-Castro\\semana12\\planner\\src\\containers\\PlannerForm\\index.js": {"path":"C:\\Users\\elois\\Desktop\\Eloísa\\Future4\\1_Aulas\\Eloisa-Castro\\semana12\\planner\\src\\containers\\PlannerForm\\index.js","statementMap":{"0":{"start":{"line":9,"column":29},"end":{"line":14,"column":1}},"1":{"start":{"line":16,"column":18},"end":{"line":21,"column":1}},"2":{"start":{"line":23,"column":24},"end":{"line":30,"column":1}},"3":{"start":{"line":32,"column":20},"end":{"line":36,"column":1}},"4":{"start":{"line":38,"column":24},"end":{"line":40,"column":1}},"5":{"start":{"line":42,"column":28},"end":{"line":43,"column":1}},"6":{"start":{"line":47,"column":4},"end":{"line":47,"column":17}},"7":{"start":{"line":48,"column":4},"end":{"line":51,"column":5}},"8":{"start":{"line":54,"column":22},"end":{"line":57,"column":3}},"9":{"start":{"line":55,"column":21},"end":{"line":55,"column":35}},"10":{"start":{"line":56,"column":4},"end":{"line":56,"column":41}},"11":{"start":{"line":59,"column":23},"end":{"line":62,"column":3}},"12":{"start":{"line":60,"column":21},"end":{"line":60,"column":35}},"13":{"start":{"line":61,"column":4},"end":{"line":61,"column":42}},"14":{"start":{"line":64,"column":17},"end":{"line":77,"column":3}},"15":{"start":{"line":65,"column":4},"end":{"line":65,"column":22}},"16":{"start":{"line":66,"column":4},"end":{"line":76,"column":5}},"17":{"start":{"line":67,"column":25},"end":{"line":70,"column":7}},"18":{"start":{"line":71,"column":6},"end":{"line":71,"column":37}},"19":{"start":{"line":72,"column":6},"end":{"line":75,"column":8}},"20":{"start":{"line":80,"column":21},"end":{"line":88,"column":5}},"21":{"start":{"line":90,"column":4},"end":{"line":126,"column":5}},"22":{"start":{"line":115,"column":16},"end":{"line":117,"column":27}},"23":{"start":{"line":131,"column":2},"end":{"line":133,"column":3}},"24":{"start":{"line":132,"column":28},"end":{"line":132,"column":56}}},"fnMap":{"0":{"name":"(anonymous_0)","decl":{"start":{"line":46,"column":2},"end":{"line":46,"column":3}},"loc":{"start":{"line":46,"column":21},"end":{"line":52,"column":3}},"line":46},"1":{"name":"(anonymous_1)","decl":{"start":{"line":54,"column":22},"end":{"line":54,"column":23}},"loc":{"start":{"line":54,"column":29},"end":{"line":57,"column":3}},"line":54},"2":{"name":"(anonymous_2)","decl":{"start":{"line":59,"column":23},"end":{"line":59,"column":24}},"loc":{"start":{"line":59,"column":30},"end":{"line":62,"column":3}},"line":59},"3":{"name":"(anonymous_3)","decl":{"start":{"line":64,"column":17},"end":{"line":64,"column":18}},"loc":{"start":{"line":64,"column":24},"end":{"line":77,"column":3}},"line":64},"4":{"name":"(anonymous_4)","decl":{"start":{"line":79,"column":2},"end":{"line":79,"column":3}},"loc":{"start":{"line":79,"column":11},"end":{"line":127,"column":3}},"line":79},"5":{"name":"(anonymous_5)","decl":{"start":{"line":114,"column":28},"end":{"line":114,"column":29}},"loc":{"start":{"line":115,"column":16},"end":{"line":117,"column":27}},"line":115},"6":{"name":"mapDispatchToProps","decl":{"start":{"line":130,"column":9},"end":{"line":130,"column":27}},"loc":{"start":{"line":130,"column":38},"end":{"line":134,"column":1}},"line":130},"7":{"name":"(anonymous_7)","decl":{"start":{"line":132,"column":14},"end":{"line":132,"column":15}},"loc":{"start":{"line":132,"column":28},"end":{"line":132,"column":56}},"line":132}},"branchMap":{"0":{"loc":{"start":{"line":66,"column":4},"end":{"line":76,"column":5}},"type":"if","locations":[{"start":{"line":66,"column":4},"end":{"line":76,"column":5}},{"start":{"line":66,"column":4},"end":{"line":76,"column":5}}],"line":66}},"s":{"0":2,"1":2,"2":2,"3":2,"4":2,"5":2,"6":0,"7":0,"8":0,"9":0,"10":0,"11":0,"12":0,"13":0,"14":0,"15":0,"16":0,"17":0,"18":0,"19":0,"20":0,"21":0,"22":0,"23":0,"24":0},"f":{"0":0,"1":0,"2":0,"3":0,"4":0,"5":0,"6":0,"7":0},"b":{"0":[0,0]},"_coverageSchema":"43e27e138ebf9cfc5966b082cf9a028302ed4184","hash":"ce3dc1132a3b97b4a01e0faa8511914b8001578b"}
,"C:\\Users\\elois\\Desktop\\Eloísa\\Future4\\1_Aulas\\Eloisa-Castro\\semana12\\planner\\src\\containers\\WeekPlanner\\index.js": {"path":"C:\\Users\\elois\\Desktop\\Eloísa\\Future4\\1_Aulas\\Eloisa-Castro\\semana12\\planner\\src\\containers\\WeekPlanner\\index.js","statementMap":{"0":{"start":{"line":6,"column":29},"end":{"line":12,"column":1}},"1":{"start":{"line":16,"column":21},"end":{"line":24,"column":5}},"2":{"start":{"line":25,"column":4},"end":{"line":31,"column":5}},"3":{"start":{"line":28,"column":10},"end":{"line":28,"column":55}}},"fnMap":{"0":{"name":"(anonymous_0)","decl":{"start":{"line":15,"column":2},"end":{"line":15,"column":3}},"loc":{"start":{"line":15,"column":11},"end":{"line":32,"column":3}},"line":15},"1":{"name":"(anonymous_1)","decl":{"start":{"line":27,"column":23},"end":{"line":27,"column":24}},"loc":{"start":{"line":28,"column":10},"end":{"line":28,"column":55}},"line":28}},"branchMap":{},"s":{"0":1,"1":0,"2":0,"3":0},"f":{"0":0,"1":0},"b":{},"_coverageSchema":"43e27e138ebf9cfc5966b082cf9a028302ed4184","hash":"2b449c8716397c1c6887cf47a7a90992268d185b"}
,"C:\\Users\\elois\\Desktop\\Eloísa\\Future4\\1_Aulas\\Eloisa-Castro\\semana12\\planner\\src\\reducers\\index.js": {"path":"C:\\Users\\elois\\Desktop\\Eloísa\\Future4\\1_Aulas\\Eloisa-Castro\\semana12\\planner\\src\\reducers\\index.js","statementMap":{"0":{"start":{"line":4,"column":27},"end":{"line":7,"column":2}}},"fnMap":{},"branchMap":{},"s":{"0":0},"f":{},"b":{},"hash":"8d92d60d5f94d46de373f2273dc25aedc26654dc"}
,"C:\\Users\\elois\\Desktop\\Eloísa\\Future4\\1_Aulas\\Eloisa-Castro\\semana12\\planner\\src\\reducers\\tasks.js": {"path":"C:\\Users\\elois\\Desktop\\Eloísa\\Future4\\1_Aulas\\Eloisa-Castro\\semana12\\planner\\src\\reducers\\tasks.js","statementMap":{"0":{"start":{"line":1,"column":21},"end":{"line":3,"column":1}},"1":{"start":{"line":5,"column":14},"end":{"line":13,"column":1}},"2":{"start":{"line":6,"column":2},"end":{"line":12,"column":3}},"3":{"start":{"line":8,"column":6},"end":{"line":8,"column":60}},"4":{"start":{"line":11,"column":6},"end":{"line":11,"column":18}}},"fnMap":{"0":{"name":"(anonymous_0)","decl":{"start":{"line":5,"column":14},"end":{"line":5,"column":15}},"loc":{"start":{"line":5,"column":48},"end":{"line":13,"column":1}},"line":5}},"branchMap":{"0":{"loc":{"start":{"line":5,"column":15},"end":{"line":5,"column":35}},"type":"default-arg","locations":[{"start":{"line":5,"column":23},"end":{"line":5,"column":35}}],"line":5},"1":{"loc":{"start":{"line":6,"column":2},"end":{"line":12,"column":3}},"type":"switch","locations":[{"start":{"line":7,"column":4},"end":{"line":8,"column":60}},{"start":{"line":10,"column":4},"end":{"line":11,"column":18}}],"line":6}},"s":{"0":1,"1":1,"2":1,"3":1,"4":0},"f":{"0":1},"b":{"0":[0],"1":[1,0]},"_coverageSchema":"43e27e138ebf9cfc5966b082cf9a028302ed4184","hash":"99ce17fb85b8249053d2aa7f23acbb18836ba858"}
,"C:\\Users\\elois\\Desktop\\Eloísa\\Future4\\1_Aulas\\Eloisa-Castro\\semana12\\planner\\src\\style\\theme.js": {"path":"C:\\Users\\elois\\Desktop\\Eloísa\\Future4\\1_Aulas\\Eloisa-Castro\\semana12\\planner\\src\\style\\theme.js","statementMap":{},"fnMap":{},"branchMap":{},"s":{},"f":{},"b":{},"hash":"321fce692ce1a5a879aec89ca1c8f83fcfbcad75"}
}
