TN:
SF:C:\Users\elois\Desktop\Eloísa\Future4\1_Aulas\Eloisa-Castro\semana12\planner\src\index.js
FNF:0
FNH:0
DA:5,0
DA:6,0
LF:2
LH:0
BRF:0
BRH:0
end_of_record
TN:
SF:C:\Users\elois\Desktop\Eloísa\Future4\1_Aulas\Eloisa-Castro\semana12\planner\src\actions\tasks.js
FN:5,(anonymous_0)
FN:12,(anonymous_1)
FN:12,(anonymous_2)
FN:17,(anonymous_3)
FN:17,(anonymous_4)
FNF:5
FNH:5
FNDA:4,(anonymous_0)
FNDA:2,(anonymous_1)
FNDA:1,(anonymous_2)
FNDA:1,(anonymous_3)
FNDA:1,(anonymous_4)
DA:3,5
DA:5,5
DA:12,5
DA:13,1
DA:14,1
DA:17,5
DA:18,1
DA:19,1
DA:20,1
DA:22,0
LF:10
LH:9
BRF:0
BRH:0
end_of_record
TN:
SF:C:\Users\elois\Desktop\Eloísa\Future4\1_Aulas\Eloisa-Castro\semana12\planner\src\containers\App\index.js
FN:14,(anonymous_0)
FN:19,(anonymous_1)
FNF:2
FNH:0
FNDA:0,(anonymous_0)
FNDA:0,(anonymous_1)
DA:10,0
DA:14,0
DA:17,0
DA:19,0
DA:20,0
LF:5
LH:0
BRDA:12,0,0,0
BRDA:12,0,1,0
BRF:2
BRH:0
end_of_record
TN:
SF:C:\Users\elois\Desktop\Eloísa\Future4\1_Aulas\Eloisa-Castro\semana12\planner\src\containers\DayPlanner\index.js
FN:23,(anonymous_0)
FN:30,(anonymous_1)
FN:34,(anonymous_2)
FN:38,(anonymous_3)
FN:44,(anonymous_4)
FN:50,(anonymous_5)
FN:56,(anonymous_6)
FN:62,(anonymous_7)
FN:68,(anonymous_8)
FN:74,(anonymous_9)
FN:86,(anonymous_10)
FN:122,mapStateToProps
FN:128,mapDispatchToProps
FN:130,(anonymous_13)
FNF:14
FNH:3
FNDA:2,(anonymous_0)
FNDA:1,(anonymous_1)
FNDA:2,(anonymous_2)
FNDA:0,(anonymous_3)
FNDA:0,(anonymous_4)
FNDA:0,(anonymous_5)
FNDA:0,(anonymous_6)
FNDA:0,(anonymous_7)
FNDA:0,(anonymous_8)
FNDA:0,(anonymous_9)
FNDA:0,(anonymous_10)
FNDA:0,mapStateToProps
FNDA:0,mapDispatchToProps
FNDA:0,(anonymous_13)
DA:8,2
DA:13,2
DA:18,2
DA:24,2
DA:25,2
DA:30,2
DA:31,1
DA:36,2
DA:38,1
DA:39,0
DA:41,0
DA:44,0
DA:45,0
DA:47,0
DA:50,0
DA:51,0
DA:53,0
DA:56,0
DA:57,0
DA:59,0
DA:62,0
DA:63,0
DA:65,0
DA:68,0
DA:69,0
DA:71,0
DA:74,0
DA:75,0
DA:77,0
DA:80,1
DA:83,1
DA:87,0
DA:123,0
DA:129,0
DA:130,0
LF:35
LH:11
BRDA:36,0,0,1
BRDA:36,0,1,0
BRDA:36,0,2,0
BRDA:36,0,3,0
BRDA:36,0,4,0
BRDA:36,0,5,0
BRDA:36,0,6,0
BRDA:36,0,7,1
BRDA:86,1,0,1
BRDA:86,1,1,0
BRF:10
BRH:3
end_of_record
TN:
SF:C:\Users\elois\Desktop\Eloísa\Future4\1_Aulas\Eloisa-Castro\semana12\planner\src\containers\Planner\index.js
FN:13,(anonymous_0)
FNF:1
FNH:1
FNDA:1,(anonymous_0)
DA:7,1
DA:14,1
LF:2
LH:2
BRF:0
BRH:0
end_of_record
TN:
SF:C:\Users\elois\Desktop\Eloísa\Future4\1_Aulas\Eloisa-Castro\semana12\planner\src\containers\PlannerForm\index.js
FN:46,(anonymous_0)
FN:54,(anonymous_1)
FN:59,(anonymous_2)
FN:64,(anonymous_3)
FN:79,(anonymous_4)
FN:114,(anonymous_5)
FN:130,mapDispatchToProps
FN:132,(anonymous_7)
FNF:8
FNH:0
FNDA:0,(anonymous_0)
FNDA:0,(anonymous_1)
FNDA:0,(anonymous_2)
FNDA:0,(anonymous_3)
FNDA:0,(anonymous_4)
FNDA:0,(anonymous_5)
FNDA:0,mapDispatchToProps
FNDA:0,(anonymous_7)
DA:9,2
DA:16,2
DA:23,2
DA:32,2
DA:38,2
DA:42,2
DA:47,0
DA:48,0
DA:54,0
DA:55,0
DA:56,0
DA:59,0
DA:60,0
DA:61,0
DA:64,0
DA:65,0
DA:66,0
DA:67,0
DA:71,0
DA:72,0
DA:80,0
DA:90,0
DA:115,0
DA:131,0
DA:132,0
LF:25
LH:6
BRDA:66,0,0,0
BRDA:66,0,1,0
BRF:2
BRH:0
end_of_record
TN:
SF:C:\Users\elois\Desktop\Eloísa\Future4\1_Aulas\Eloisa-Castro\semana12\planner\src\containers\WeekPlanner\index.js
FN:15,(anonymous_0)
FN:27,(anonymous_1)
FNF:2
FNH:0
FNDA:0,(anonymous_0)
FNDA:0,(anonymous_1)
DA:6,1
DA:16,0
DA:25,0
DA:28,0
LF:4
LH:1
BRF:0
BRH:0
end_of_record
TN:
SF:C:\Users\elois\Desktop\Eloísa\Future4\1_Aulas\Eloisa-Castro\semana12\planner\src\reducers\index.js
FNF:0
FNH:0
DA:4,0
LF:1
LH:0
BRF:0
BRH:0
end_of_record
TN:
SF:C:\Users\elois\Desktop\Eloísa\Future4\1_Aulas\Eloisa-Castro\semana12\planner\src\reducers\tasks.js
FN:5,(anonymous_0)
FNF:1
FNH:1
FNDA:1,(anonymous_0)
DA:1,1
DA:5,1
DA:6,1
DA:8,1
DA:11,0
LF:5
LH:4
BRDA:5,0,0,0
BRDA:6,1,0,1
BRDA:6,1,1,0
BRF:3
BRH:1
end_of_record
TN:
SF:C:\Users\elois\Desktop\Eloísa\Future4\1_Aulas\Eloisa-Castro\semana12\planner\src\style\theme.js
FNF:0
FNH:0
LF:0
LH:0
BRF:0
BRH:0
end_of_record
